<?xml version="1.0" encoding="UTF-8"?>
<!-- Generated by org.testng.reporters.JUnitXMLReporter -->
<testsuite hostname="HDC2-D-CBSVXJ2" ignored="0" name="Functional1" tests="4" failures="0" timestamp="09 Aug 2019 10:38:01 GMT" time="0.033" errors="0">
  <testcase name="etransfer" time="0.002" classname="alpha123.flightapp"/>
  <testcase name="login" time="0.008" classname="alpha123.flightapp"/>
  <testcase name="logout" time="0.005" classname="alpha123.flightapp"/>
  <testcase name="openApp" time="0.001" classname="alpha123.flightapp"/>
</testsuite> <!-- Functional1 -->
