<?xml version="1.0" encoding="UTF-8"?>
<testng-results skipped="0" failed="0" ignored="0" total="1" passed="1">
  <reporter-output>
  </reporter-output>
  <suite name="Default suite" duration-ms="53878" started-at="2019-08-16T04:21:39Z" finished-at="2019-08-16T04:22:32Z">
    <groups>
    </groups>
    <test name="Default test" duration-ms="53878" started-at="2019-08-16T04:21:39Z" finished-at="2019-08-16T04:22:32Z">
      <class name="alpha12.Testinglogin">
        <test-method status="PASS" signature="f()[pri:0, instance:alpha12.Testinglogin@59f99ea]" name="f" duration-ms="53837" started-at="2019-08-16T04:21:39Z" finished-at="2019-08-16T04:22:32Z">
          <reporter-output>
          </reporter-output>
        </test-method> <!-- f -->
      </class> <!-- alpha12.Testinglogin -->
    </test> <!-- Default test -->
  </suite> <!-- Default suite -->
</testng-results>
